Unity Editor version:    2021.3.18f1 (3129e69bc0c7)
Branch:                  2021.3/staging
Build type:              Release
Batch mode:              YES
macOS version:           Version 12.5 (Build 21G72)
Darwin version:          21.6.0
Architecture:            arm64
Running under Rosetta:   NO
Available memory:        32768 MB
Using pre-set license
Pro License: YES

COMMAND LINE ARGUMENTS:
/Applications/Unity/Hub/Editor/2021.3.18f1/Unity.app/Contents/MacOS/Unity
-adb2
-batchMode
-noUpm
-name
AssetImportWorker0
-projectPath
/Users/sissytian/Desktop/UXforXR/Assignment2VRredesign/UXforXR/My project
-logFile
Logs/AssetImportWorker0.log
-srvPort
56343
Successfully changed project path to: /Users/sissytian/Desktop/UXforXR/Assignment2VRredesign/UXforXR/My project
/Users/sissytian/Desktop/UXforXR/Assignment2VRredesign/UXforXR/My project
[UnityMemory] Configuration Parameters - Can be set up in boot.config
    "memorysetup-bucket-allocator-granularity=16"
    "memorysetup-bucket-allocator-bucket-count=8"
    "memorysetup-bucket-allocator-block-size=33554432"
    "memorysetup-bucket-allocator-block-count=8"
    "memorysetup-main-allocator-block-size=16777216"
    "memorysetup-thread-allocator-block-size=16777216"
    "memorysetup-gfx-main-allocator-block-size=16777216"
    "memorysetup-gfx-thread-allocator-block-size=16777216"
    "memorysetup-cache-allocator-block-size=4194304"
    "memorysetup-typetree-allocator-block-size=2097152"
    "memorysetup-profiler-bucket-allocator-granularity=16"
    "memorysetup-profiler-bucket-allocator-bucket-count=8"
    "memorysetup-profiler-bucket-allocator-block-size=33554432"
    "memorysetup-profiler-bucket-allocator-block-count=8"
    "memorysetup-profiler-allocator-block-size=16777216"
    "memorysetup-profiler-editor-allocator-block-size=1048576"
    "memorysetup-temp-allocator-size-main=16777216"
    "memorysetup-job-temp-allocator-block-size=2097152"
    "memorysetup-job-temp-allocator-block-size-background=1048576"
    "memorysetup-job-temp-allocator-reduction-small-platforms=262144"
    "memorysetup-temp-allocator-size-background-worker=32768"
    "memorysetup-temp-allocator-size-job-worker=262144"
    "memorysetup-temp-allocator-size-preload-manager=33554432"
    "memorysetup-temp-allocator-size-nav-mesh-worker=65536"
    "memorysetup-temp-allocator-size-audio-worker=65536"
    "memorysetup-temp-allocator-size-cloud-worker=32768"
    "memorysetup-temp-allocator-size-gi-baking-worker=262144"
    "memorysetup-temp-allocator-size-gfx=262144"
Player connection [4400465280] Host "[IP] 10.21.16.151 [Port] 0 [Flags] 2 [Guid] 2338293135 [EditorId] 2338293135 [Version] 1048832 [Id] OSXEditor(0,10-21-16-151.dynapool.wireless.nyu.edu) [Debug] 1 [PackageName] OSXEditor [ProjectName] Editor" joined multi-casting on [225.0.0.222:54997]...

Player connection [4400465280] Host "[IP] 10.21.16.151 [Port] 0 [Flags] 2 [Guid] 2338293135 [EditorId] 2338293135 [Version] 1048832 [Id] OSXEditor(0,10-21-16-151.dynapool.wireless.nyu.edu) [Debug] 1 [PackageName] OSXEditor [ProjectName] Editor" joined alternative multi-casting on [225.0.0.222:34997]...

Refreshing native plugins compatible for Editor in 76.75 ms, found 2 plugins.
Preloading 0 native plugins for Editor in 0.00 ms.
Initialize engine version: 2021.3.18f1 (3129e69bc0c7)
[Subsystems] Discovering subsystems at path /Applications/Unity/Hub/Editor/2021.3.18f1/Unity.app/Contents/Resources/UnitySubsystems
[Subsystems] Discovering subsystems at path /Users/sissytian/Desktop/UXforXR/Assignment2VRredesign/UXforXR/My project/Assets
GfxDevice: creating device client; threaded=0; jobified=0
 preferred device: Apple M1 Pro (high power)
Metal devices available: 1
0: Apple M1 Pro (high power)
Using device Apple M1 Pro (high power)
Initializing Metal device caps: Apple M1 Pro
Initialize mono
Mono path[0] = '/Applications/Unity/Hub/Editor/2021.3.18f1/Unity.app/Contents/Managed'
Mono path[1] = '/Applications/Unity/Hub/Editor/2021.3.18f1/Unity.app/Contents/MonoBleedingEdge/lib/mono/unityjit-macos'
Mono config path = '/Applications/Unity/Hub/Editor/2021.3.18f1/Unity.app/Contents/MonoBleedingEdge/etc'
Using monoOptions --debugger-agent=transport=dt_socket,embedding=1,server=y,suspend=n,address=127.0.0.1:56450
Begin MonoManager ReloadAssembly
Registering precompiled unity dll's ...
Register platform support module: /Applications/Unity/Hub/Editor/2021.3.18f1/Unity.app/Contents/PlaybackEngines/MacStandaloneSupport/UnityEditor.OSXStandalone.Extensions.dll
Register platform support module: /Applications/Unity/Hub/Editor/2021.3.18f1/PlaybackEngines/AndroidPlayer/UnityEditor.Android.Extensions.dll
Register platform support module: /Applications/Unity/Hub/Editor/2021.3.18f1/PlaybackEngines/iOSSupport/UnityEditor.iOS.Extensions.dll
Registered in 0.001427 seconds.
[usbmuxd] Start listen thread
[usbmuxd] Listen thread started
[usbmuxd] Send listen message
Native extension for iOS target not found
Native extension for Android target not found
Android Extension - Scanning For ADB Devices 126 ms
Native extension for OSXStandalone target not found
Refreshing native plugins compatible for Editor in 72.71 ms, found 2 plugins.
Preloading 0 native plugins for Editor in 0.00 ms.
Mono: successfully reloaded assembly
- Completed reload, in  0.596 seconds
Domain Reload Profiling:
	ReloadAssembly (596ms)
		BeginReloadAssembly (49ms)
			ExecutionOrderSort (0ms)
			DisableScriptedObjects (0ms)
			BackupInstance (0ms)
			ReleaseScriptingObjects (0ms)
			CreateAndSetChildDomain (0ms)
		EndReloadAssembly (472ms)
			LoadAssemblies (50ms)
			RebuildTransferFunctionScriptingTraits (0ms)
			SetupTypeCache (79ms)
			ReleaseScriptCaches (0ms)
			RebuildScriptCaches (20ms)
			SetupLoadedEditorAssemblies (344ms)
				LogAssemblyErrors (0ms)
				InitializePlatformSupportModulesInManaged (194ms)
				SetLoadedEditorAssemblies (0ms)
				RefreshPlugins (73ms)
				BeforeProcessingInitializeOnLoad (1ms)
				ProcessInitializeOnLoadAttributes (50ms)
				ProcessInitializeOnLoadMethodAttributes (26ms)
				AfterProcessingInitializeOnLoad (0ms)
				EditorAssembliesLoaded (0ms)
			ExecutionOrderSort2 (0ms)
			AwakeInstancesAfterBackupRestoration (0ms)
Platform modules already initialized, skipping
Registering precompiled user dll's ...
Registered in 0.005796 seconds.
Begin MonoManager ReloadAssembly
Symbol file LoadedFromMemory doesn't match image /Users/sissytian/Desktop/UXforXR/Assignment2VRredesign/UXforXR/My project/Library/PackageCache/com.unity.visualscripting@1.8.0/Editor/VisualScripting.Core/Dependencies/YamlDotNet/Unity.VisualScripting.YamlDotNet.dll
Symbol file LoadedFromMemory doesn't match image /Users/sissytian/Desktop/UXforXR/Assignment2VRredesign/UXforXR/My project/Library/PackageCache/com.unity.visualscripting@1.8.0/Editor/VisualScripting.Core/Dependencies/DotNetZip/Unity.VisualScripting.IonicZip.dll
Native extension for iOS target not found
Native extension for Android target not found
Native extension for OSXStandalone target not found
Refreshing native plugins compatible for Editor in 0.47 ms, found 2 plugins.
Preloading 0 native plugins for Editor in 0.00 ms.
Mono: successfully reloaded assembly
- Completed reload, in  0.679 seconds
Domain Reload Profiling:
	ReloadAssembly (679ms)
		BeginReloadAssembly (63ms)
			ExecutionOrderSort (0ms)
			DisableScriptedObjects (3ms)
			BackupInstance (0ms)
			ReleaseScriptingObjects (0ms)
			CreateAndSetChildDomain (22ms)
		EndReloadAssembly (537ms)
			LoadAssemblies (47ms)
			RebuildTransferFunctionScriptingTraits (0ms)
			SetupTypeCache (189ms)
			ReleaseScriptCaches (0ms)
			RebuildScriptCaches (35ms)
			SetupLoadedEditorAssemblies (226ms)
				LogAssemblyErrors (0ms)
				InitializePlatformSupportModulesInManaged (18ms)
				SetLoadedEditorAssemblies (0ms)
				RefreshPlugins (0ms)
				BeforeProcessingInitializeOnLoad (57ms)
				ProcessInitializeOnLoadAttributes (137ms)
				ProcessInitializeOnLoadMethodAttributes (12ms)
				AfterProcessingInitializeOnLoad (1ms)
				EditorAssembliesLoaded (0ms)
			ExecutionOrderSort2 (0ms)
			AwakeInstancesAfterBackupRestoration (2ms)
Platform modules already initialized, skipping
========================================================================
Worker process is ready to serve import requests
Launching external process: /Applications/Unity/Hub/Editor/2021.3.18f1/Unity.app/Contents/Tools/UnityShaderCompiler
Launched and connected shader compiler UnityShaderCompiler after 0.05 seconds
Refreshing native plugins compatible for Editor in 0.47 ms, found 2 plugins.
Preloading 0 native plugins for Editor in 0.00 ms.
Unloading 3230 Unused Serialized files (Serialized files now loaded: 0)
Unloading 36 unused Assets / (1.3 MB). Loaded Objects now: 3680.
Memory consumption went from 118.5 MB to 117.2 MB.
Total: 2.704458 ms (FindLiveObjects: 0.099166 ms CreateObjectMapping: 0.037250 ms MarkObjects: 2.316208 ms  DeleteObjects: 0.251209 ms)

AssetImportParameters requested are different than current active one (requested -> active):
  custom:video-decoder-ogg-theora: a1e56fd34408186e4bbccfd4996cb3dc -> 
  custom:container-muxer-webm: aa71ff27fc2769a1b78a27578f13a17b -> 
  custom:container-demuxer-webm: 4f35f7cbe854078d1ac9338744f61a02 -> 
  custom:video-encoder-webm-vp8: eb34c28f22e8b96e1ab97ce403110664 -> 
  custom:framework-osx-AVFoundation: e770b220cccbd017edd2c1fefb359320 -> 
  custom:audio-encoder-webm-vorbis: bf7c407c2cedff20999df2af8eb42d56 -> 
  custom:container-demuxer-ogg: 62fdf1f143b41e24485cea50d1cbac27 -> 
  custom:video-decoder-webm-vp8: 9c59270c3fd7afecdb556c50c9e8de78 -> 
  custom:audio-decoder-ogg-vorbis: bf7c407c2cedff20999df2af8eb42d56 -> 
========================================================================
Received Import Request.
  Time since last request: 293094.777058 seconds.
  path: Assets
  artifactKey: Guid(00000000000000001000000000000000) Importer(815301076,1909f56bfc062723c751e8b465ee728b)
Start importing Assets using Guid(00000000000000001000000000000000) Importer(815301076,1909f56bfc062723c751e8b465ee728b)  -> (artifact id: '79842766b460edbeab6a34051e857a80') in 0.004967 seconds 
========================================================================
Received Import Request.
  Time since last request: 4.097446 seconds.
  path: Assets/New Material.mat
  artifactKey: Guid(18cf8e718f0244e88af18ff4555d200b) Importer(815301076,1909f56bfc062723c751e8b465ee728b)
Start importing Assets/New Material.mat using Guid(18cf8e718f0244e88af18ff4555d200b) Importer(815301076,1909f56bfc062723c751e8b465ee728b)  -> (artifact id: '394cb999a6a5b0bcf6ba3c6890438fc2') in 0.584409 seconds 
========================================================================
Received Import Request.
  Time since last request: 237.600403 seconds.
  path: Assets/New Material 1.mat
  artifactKey: Guid(586fcf3512fe54e1991b63ae771ec7cf) Importer(815301076,1909f56bfc062723c751e8b465ee728b)
Start importing Assets/New Material 1.mat using Guid(586fcf3512fe54e1991b63ae771ec7cf) Importer(815301076,1909f56bfc062723c751e8b465ee728b)  -> (artifact id: 'fb68ead37b56465155a851c30770631b') in 0.007113 seconds 
========================================================================
Received Import Request.
  Time since last request: 22.110568 seconds.
  path: Assets/yellow.mat
  artifactKey: Guid(586fcf3512fe54e1991b63ae771ec7cf) Importer(815301076,1909f56bfc062723c751e8b465ee728b)
Start importing Assets/yellow.mat using Guid(586fcf3512fe54e1991b63ae771ec7cf) Importer(815301076,1909f56bfc062723c751e8b465ee728b)  -> (artifact id: 'ac37447a70976a5616f344bbdd84353c') in 0.005792 seconds 
========================================================================
Received Import Request.
  Time since last request: 7.087491 seconds.
  path: Assets/grey.mat
  artifactKey: Guid(18cf8e718f0244e88af18ff4555d200b) Importer(815301076,1909f56bfc062723c751e8b465ee728b)
Start importing Assets/grey.mat using Guid(18cf8e718f0244e88af18ff4555d200b) Importer(815301076,1909f56bfc062723c751e8b465ee728b)  -> (artifact id: 'b2b6fbac74c4763d3cf44200392d5d22') in 0.005984 seconds 
========================================================================
Received Import Request.
  Time since last request: 72.922693 seconds.
  path: Assets/New Material.mat
  artifactKey: Guid(c96731714b64b4d8cb0feb7abf7391f7) Importer(815301076,1909f56bfc062723c751e8b465ee728b)
Start importing Assets/New Material.mat using Guid(c96731714b64b4d8cb0feb7abf7391f7) Importer(815301076,1909f56bfc062723c751e8b465ee728b)  -> (artifact id: 'e076de7e92cff83c2c863848c8e2ac66') in 0.004959 seconds 
========================================================================
Received Import Request.
  Time since last request: 26.377097 seconds.
  path: Assets/pink.mat
  artifactKey: Guid(c96731714b64b4d8cb0feb7abf7391f7) Importer(815301076,1909f56bfc062723c751e8b465ee728b)
Start importing Assets/pink.mat using Guid(c96731714b64b4d8cb0feb7abf7391f7) Importer(815301076,1909f56bfc062723c751e8b465ee728b)  -> (artifact id: '090b06b2b716dec9a9e3b96e6c0cadb9') in 0.005335 seconds 
========================================================================
Received Import Request.
  Time since last request: 55.417144 seconds.
  path: Assets/New Material.mat
  artifactKey: Guid(c4075d1b9a7174abb85472b8b8500b20) Importer(815301076,1909f56bfc062723c751e8b465ee728b)
Start importing Assets/New Material.mat using Guid(c4075d1b9a7174abb85472b8b8500b20) Importer(815301076,1909f56bfc062723c751e8b465ee728b)  -> (artifact id: 'fd9f79360d40bcf57ea1fd345324100a') in 0.004992 seconds 
========================================================================
Received Import Request.
  Time since last request: 13.704157 seconds.
  path: Assets/blue.mat
  artifactKey: Guid(c4075d1b9a7174abb85472b8b8500b20) Importer(815301076,1909f56bfc062723c751e8b465ee728b)
Start importing Assets/blue.mat using Guid(c4075d1b9a7174abb85472b8b8500b20) Importer(815301076,1909f56bfc062723c751e8b465ee728b)  -> (artifact id: '650834490dcbd27e93031ab19a417037') in 0.005927 seconds 
========================================================================
Received Import Request.
  Time since last request: 1767.912953 seconds.
  path: Assets/SocketsAndSwitches
  artifactKey: Guid(99173c697c5d848f79866d61b308a3f1) Importer(815301076,1909f56bfc062723c751e8b465ee728b)
Start importing Assets/SocketsAndSwitches using Guid(99173c697c5d848f79866d61b308a3f1) Importer(815301076,1909f56bfc062723c751e8b465ee728b)  -> (artifact id: 'ac9c7ed43ae292ae26a5433b26924c53') in 0.000783 seconds 
========================================================================
Received Import Request.
  Time since last request: 2.172547 seconds.
  path: Assets/SocketsAndSwitches/Prefabs
  artifactKey: Guid(8e05ca1e3b17e428c8f4a9ca72de94f9) Importer(815301076,1909f56bfc062723c751e8b465ee728b)
Start importing Assets/SocketsAndSwitches/Prefabs using Guid(8e05ca1e3b17e428c8f4a9ca72de94f9) Importer(815301076,1909f56bfc062723c751e8b465ee728b)  -> (artifact id: '82affa53deb83cc839017002e39d4bd6') in 0.001073 seconds 
========================================================================
Received Import Request.
  Time since last request: 1.461200 seconds.
  path: Assets/SocketsAndSwitches/Prefabs/128x128
  artifactKey: Guid(6d437cdb1857442e7be1d98af230a301) Importer(815301076,1909f56bfc062723c751e8b465ee728b)
Start importing Assets/SocketsAndSwitches/Prefabs/128x128 using Guid(6d437cdb1857442e7be1d98af230a301) Importer(815301076,1909f56bfc062723c751e8b465ee728b)  -> (artifact id: '7a4dec151034454af526553d33b289a6') in 0.001229 seconds 
========================================================================
Received Import Request.
  Time since last request: 0.825614 seconds.
  path: Assets/SocketsAndSwitches/Prefabs/128x128/Black
  artifactKey: Guid(ea69e1dbc1fac43f4bcd50f61bd49fcd) Importer(815301076,1909f56bfc062723c751e8b465ee728b)
Start importing Assets/SocketsAndSwitches/Prefabs/128x128/Black using Guid(ea69e1dbc1fac43f4bcd50f61bd49fcd) Importer(815301076,1909f56bfc062723c751e8b465ee728b)  -> (artifact id: 'a23b93c13312fd6550e872c43af90651') in 0.000899 seconds 
========================================================================
Received Import Request.
  Time since last request: 0.941188 seconds.
  path: Assets/SocketsAndSwitches/Prefabs/128x128/WhiteDirt
  artifactKey: Guid(db78d72d0c65c461d8cc00f4f3004ae3) Importer(815301076,1909f56bfc062723c751e8b465ee728b)
Start importing Assets/SocketsAndSwitches/Prefabs/128x128/WhiteDirt using Guid(db78d72d0c65c461d8cc00f4f3004ae3) Importer(815301076,1909f56bfc062723c751e8b465ee728b)  -> (artifact id: '8d499241676f633c357ce0524947aca5') in 0.001339 seconds 
========================================================================
Received Import Request.
  Time since last request: 1.268526 seconds.
  path: Assets/SocketsAndSwitches/Prefabs/128x128/White
  artifactKey: Guid(4bb74f1ab3cb14f8d9bef8f157d7a255) Importer(815301076,1909f56bfc062723c751e8b465ee728b)
Start importing Assets/SocketsAndSwitches/Prefabs/128x128/White using Guid(4bb74f1ab3cb14f8d9bef8f157d7a255) Importer(815301076,1909f56bfc062723c751e8b465ee728b)  -> (artifact id: 'd37e2d9dc7bae7b0c18ab5df2073972d') in 0.000786 seconds 
========================================================================
Received Import Request.
  Time since last request: 0.043117 seconds.
  path: Assets/SocketsAndSwitches/Prefabs/128x128/White/LightSwitches01.prefab
  artifactKey: Guid(5e0aa061218e946c79c9508cd99f9da9) Importer(815301076,1909f56bfc062723c751e8b465ee728b)
Start importing Assets/SocketsAndSwitches/Prefabs/128x128/White/LightSwitches01.prefab using Guid(5e0aa061218e946c79c9508cd99f9da9) Importer(815301076,1909f56bfc062723c751e8b465ee728b)  -> (artifact id: 'c3c7589ca50e2274a109424756fc5ca4') in 0.058250 seconds 
========================================================================
Received Import Request.
  Time since last request: 0.000050 seconds.
  path: Assets/SocketsAndSwitches/Prefabs/128x128/White/SocketCase03.prefab
  artifactKey: Guid(fe6fc7ac0f4f3462cab12ea6a0e46527) Importer(815301076,1909f56bfc062723c751e8b465ee728b)
Start importing Assets/SocketsAndSwitches/Prefabs/128x128/White/SocketCase03.prefab using Guid(fe6fc7ac0f4f3462cab12ea6a0e46527) Importer(815301076,1909f56bfc062723c751e8b465ee728b)  -> (artifact id: '8b3523aa4f98ab6a109c7bd7b039476f') in 0.021823 seconds 
========================================================================
Received Import Request.
  Time since last request: 0.000047 seconds.
  path: Assets/SocketsAndSwitches/Prefabs/128x128/White/LightSwitches03.prefab
  artifactKey: Guid(4251663ee94a84e459ec13d94745c9e3) Importer(815301076,1909f56bfc062723c751e8b465ee728b)
Start importing Assets/SocketsAndSwitches/Prefabs/128x128/White/LightSwitches03.prefab using Guid(4251663ee94a84e459ec13d94745c9e3) Importer(815301076,1909f56bfc062723c751e8b465ee728b)  -> (artifact id: 'e70d382177cf0351dcb5435819525444') in 0.018230 seconds 
========================================================================
Received Import Request.
  Time since last request: 0.000045 seconds.
  path: Assets/SocketsAndSwitches/Prefabs/128x128/White/SocketCase02.prefab
  artifactKey: Guid(35e3497ccf3c249a293c8397aa579b08) Importer(815301076,1909f56bfc062723c751e8b465ee728b)
Start importing Assets/SocketsAndSwitches/Prefabs/128x128/White/SocketCase02.prefab using Guid(35e3497ccf3c249a293c8397aa579b08) Importer(815301076,1909f56bfc062723c751e8b465ee728b)  -> (artifact id: '69723efe09b70d14e1c72acf1e699219') in 0.015526 seconds 
========================================================================
Received Import Request.
  Time since last request: 0.000044 seconds.
  path: Assets/SocketsAndSwitches/Prefabs/128x128/White/SocketCaseRotate.prefab
  artifactKey: Guid(dd2d9bf506c154232be277c2320cba15) Importer(815301076,1909f56bfc062723c751e8b465ee728b)
Start importing Assets/SocketsAndSwitches/Prefabs/128x128/White/SocketCaseRotate.prefab using Guid(dd2d9bf506c154232be277c2320cba15) Importer(815301076,1909f56bfc062723c751e8b465ee728b)  -> (artifact id: 'bfd0d59b3068d97be76d79dfa9f0adf8') in 0.016215 seconds 
========================================================================
Received Import Request.
  Time since last request: 0.000048 seconds.
  path: Assets/SocketsAndSwitches/Prefabs/128x128/White/Socket02.prefab
  artifactKey: Guid(fad610c21c27e47d5a46cb25f3653f3b) Importer(815301076,1909f56bfc062723c751e8b465ee728b)
Start importing Assets/SocketsAndSwitches/Prefabs/128x128/White/Socket02.prefab using Guid(fad610c21c27e47d5a46cb25f3653f3b) Importer(815301076,1909f56bfc062723c751e8b465ee728b)  -> (artifact id: '4f57507e4609dabd70b2e2a6fa4c6f24') in 0.008077 seconds 
========================================================================
Received Import Request.
  Time since last request: 0.000040 seconds.
  path: Assets/SocketsAndSwitches/Prefabs/128x128/White/SocketCase01.prefab
  artifactKey: Guid(2302cd5a86ac9444aad387742b22bd0d) Importer(815301076,1909f56bfc062723c751e8b465ee728b)
Start importing Assets/SocketsAndSwitches/Prefabs/128x128/White/SocketCase01.prefab using Guid(2302cd5a86ac9444aad387742b22bd0d) Importer(815301076,1909f56bfc062723c751e8b465ee728b)  -> (artifact id: '226d31d6e8f651639e853ccfe3569f6f') in 0.014795 seconds 
========================================================================
Received Import Request.
  Time since last request: 0.000048 seconds.
  path: Assets/SocketsAndSwitches/Prefabs/128x128/White/Socket03.prefab
  artifactKey: Guid(f528a09e27a7e486a800c4356f10b387) Importer(815301076,1909f56bfc062723c751e8b465ee728b)
Start importing Assets/SocketsAndSwitches/Prefabs/128x128/White/Socket03.prefab using Guid(f528a09e27a7e486a800c4356f10b387) Importer(815301076,1909f56bfc062723c751e8b465ee728b)  -> (artifact id: '74396ca6c3aeebbe830a2851d26901af') in 0.008153 seconds 
========================================================================
Received Import Request.
  Time since last request: 453.948775 seconds.
  path: Assets/SocketsAndSwitches/Prefabs/1024x1024
  artifactKey: Guid(263ba99ae9b83465fa28ecec23e66e2f) Importer(815301076,1909f56bfc062723c751e8b465ee728b)
Start importing Assets/SocketsAndSwitches/Prefabs/1024x1024 using Guid(263ba99ae9b83465fa28ecec23e66e2f) Importer(815301076,1909f56bfc062723c751e8b465ee728b)  -> (artifact id: 'ac33d1a2fea895863db94d3f488b763f') in 0.001107 seconds 
========================================================================
Received Import Request.
  Time since last request: 1.709463 seconds.
  path: Assets/SocketsAndSwitches/Prefabs/1024x1024/WhiteDirt
  artifactKey: Guid(44bd06e51add74ef89944b88a4a747c2) Importer(815301076,1909f56bfc062723c751e8b465ee728b)
Start importing Assets/SocketsAndSwitches/Prefabs/1024x1024/WhiteDirt using Guid(44bd06e51add74ef89944b88a4a747c2) Importer(815301076,1909f56bfc062723c751e8b465ee728b)  -> (artifact id: 'c8c6bd8b3718ebc94f444483ae9a7db2') in 0.001098 seconds 
========================================================================
Received Import Request.
  Time since last request: 0.054582 seconds.
  path: Assets/SocketsAndSwitches/Prefabs/1024x1024/WhiteDirt/LightSwitches01.prefab
  artifactKey: Guid(1e1a6e53c2ffd4c8c963f564019e6eca) Importer(815301076,1909f56bfc062723c751e8b465ee728b)
Start importing Assets/SocketsAndSwitches/Prefabs/1024x1024/WhiteDirt/LightSwitches01.prefab using Guid(1e1a6e53c2ffd4c8c963f564019e6eca) Importer(815301076,1909f56bfc062723c751e8b465ee728b)  -> (artifact id: '89ad0e630e6a95af93fca2beef2eceaf') in 0.028703 seconds 
========================================================================
Received Import Request.
  Time since last request: 0.000041 seconds.
  path: Assets/SocketsAndSwitches/Prefabs/1024x1024/WhiteDirt/SocketCase03.prefab
  artifactKey: Guid(9770f7e4b37524b8cbc06c3dab0c8dca) Importer(815301076,1909f56bfc062723c751e8b465ee728b)
Start importing Assets/SocketsAndSwitches/Prefabs/1024x1024/WhiteDirt/SocketCase03.prefab using Guid(9770f7e4b37524b8cbc06c3dab0c8dca) Importer(815301076,1909f56bfc062723c751e8b465ee728b)  -> (artifact id: '5dc9f1cdb9a617561734e3ce261678dc') in 0.025232 seconds 
========================================================================
Received Import Request.
  Time since last request: 0.000064 seconds.
  path: Assets/SocketsAndSwitches/Prefabs/1024x1024/WhiteDirt/Socket03.prefab
  artifactKey: Guid(1193e5d61afd2411a820b274a0bd2088) Importer(815301076,1909f56bfc062723c751e8b465ee728b)
Start importing Assets/SocketsAndSwitches/Prefabs/1024x1024/WhiteDirt/Socket03.prefab using Guid(1193e5d61afd2411a820b274a0bd2088) Importer(815301076,1909f56bfc062723c751e8b465ee728b)  -> (artifact id: '721907e3be2e7564d6e2fe4ce7632098') in 0.010903 seconds 
========================================================================
Received Import Request.
  Time since last request: 0.000045 seconds.
  path: Assets/SocketsAndSwitches/Prefabs/1024x1024/WhiteDirt/LightSwitches03.prefab
  artifactKey: Guid(8f2b3d5e734f148b8ac82e34faf10f6f) Importer(815301076,1909f56bfc062723c751e8b465ee728b)
Start importing Assets/SocketsAndSwitches/Prefabs/1024x1024/WhiteDirt/LightSwitches03.prefab using Guid(8f2b3d5e734f148b8ac82e34faf10f6f) Importer(815301076,1909f56bfc062723c751e8b465ee728b)  -> (artifact id: '077a0418120e2b5a02e1c2eeb54f907b') in 0.017794 seconds 
========================================================================
Received Import Request.
  Time since last request: 0.000046 seconds.
  path: Assets/SocketsAndSwitches/Prefabs/1024x1024/WhiteDirt/SocketLightSwitches.prefab
  artifactKey: Guid(6cc20f0af18474b47b89dad5997c9ad9) Importer(815301076,1909f56bfc062723c751e8b465ee728b)
Start importing Assets/SocketsAndSwitches/Prefabs/1024x1024/WhiteDirt/SocketLightSwitches.prefab using Guid(6cc20f0af18474b47b89dad5997c9ad9) Importer(815301076,1909f56bfc062723c751e8b465ee728b)  -> (artifact id: 'f8f1ef01b78c69658d35efb36d2bee84') in 0.017866 seconds 
========================================================================
Received Import Request.
  Time since last request: 655.889739 seconds.
  path: Assets/Brick Project Studio/Apartment Kit/_Prefabs/Props/Lighting
  artifactKey: Guid(65b3809457a326b41afcda181e51678f) Importer(815301076,1909f56bfc062723c751e8b465ee728b)
Start importing Assets/Brick Project Studio/Apartment Kit/_Prefabs/Props/Lighting using Guid(65b3809457a326b41afcda181e51678f) Importer(815301076,1909f56bfc062723c751e8b465ee728b)  -> (artifact id: '3a2a321c20fb4cef961fc33bac118809') in 0.003942 seconds 
