Unity Editor version:    2021.3.18f1 (3129e69bc0c7)
Branch:                  2021.3/staging
Build type:              Release
Batch mode:              YES
macOS version:           Version 12.5 (Build 21G72)
Darwin version:          21.6.0
Architecture:            arm64
Running under Rosetta:   NO
Available memory:        32768 MB
Using pre-set license
Pro License: YES

COMMAND LINE ARGUMENTS:
/Applications/Unity/Hub/Editor/2021.3.18f1/Unity.app/Contents/MacOS/Unity
-adb2
-batchMode
-noUpm
-name
AssetImportWorker1
-projectPath
/Users/sissytian/Desktop/UXforXR/Assignment2VRredesign/UXforXR/My project
-logFile
Logs/AssetImportWorker1.log
-srvPort
56343
Successfully changed project path to: /Users/sissytian/Desktop/UXforXR/Assignment2VRredesign/UXforXR/My project
/Users/sissytian/Desktop/UXforXR/Assignment2VRredesign/UXforXR/My project
[UnityMemory] Configuration Parameters - Can be set up in boot.config
    "memorysetup-bucket-allocator-granularity=16"
    "memorysetup-bucket-allocator-bucket-count=8"
    "memorysetup-bucket-allocator-block-size=33554432"
    "memorysetup-bucket-allocator-block-count=8"
    "memorysetup-main-allocator-block-size=16777216"
    "memorysetup-thread-allocator-block-size=16777216"
    "memorysetup-gfx-main-allocator-block-size=16777216"
    "memorysetup-gfx-thread-allocator-block-size=16777216"
    "memorysetup-cache-allocator-block-size=4194304"
    "memorysetup-typetree-allocator-block-size=2097152"
    "memorysetup-profiler-bucket-allocator-granularity=16"
    "memorysetup-profiler-bucket-allocator-bucket-count=8"
    "memorysetup-profiler-bucket-allocator-block-size=33554432"
    "memorysetup-profiler-bucket-allocator-block-count=8"
    "memorysetup-profiler-allocator-block-size=16777216"
    "memorysetup-profiler-editor-allocator-block-size=1048576"
    "memorysetup-temp-allocator-size-main=16777216"
    "memorysetup-job-temp-allocator-block-size=2097152"
    "memorysetup-job-temp-allocator-block-size-background=1048576"
    "memorysetup-job-temp-allocator-reduction-small-platforms=262144"
    "memorysetup-temp-allocator-size-background-worker=32768"
    "memorysetup-temp-allocator-size-job-worker=262144"
    "memorysetup-temp-allocator-size-preload-manager=33554432"
    "memorysetup-temp-allocator-size-nav-mesh-worker=65536"
    "memorysetup-temp-allocator-size-audio-worker=65536"
    "memorysetup-temp-allocator-size-cloud-worker=32768"
    "memorysetup-temp-allocator-size-gi-baking-worker=262144"
    "memorysetup-temp-allocator-size-gfx=262144"
Player connection [4444652928] Host "[IP] 10.21.16.151 [Port] 0 [Flags] 2 [Guid] 3303954302 [EditorId] 3303954302 [Version] 1048832 [Id] OSXEditor(0,10-21-16-151.dynapool.wireless.nyu.edu) [Debug] 1 [PackageName] OSXEditor [ProjectName] Editor" joined multi-casting on [225.0.0.222:54997]...

Player connection [4444652928] Host "[IP] 10.21.16.151 [Port] 0 [Flags] 2 [Guid] 3303954302 [EditorId] 3303954302 [Version] 1048832 [Id] OSXEditor(0,10-21-16-151.dynapool.wireless.nyu.edu) [Debug] 1 [PackageName] OSXEditor [ProjectName] Editor" joined alternative multi-casting on [225.0.0.222:34997]...

Refreshing native plugins compatible for Editor in 76.75 ms, found 2 plugins.
Preloading 0 native plugins for Editor in 0.00 ms.
Initialize engine version: 2021.3.18f1 (3129e69bc0c7)
[Subsystems] Discovering subsystems at path /Applications/Unity/Hub/Editor/2021.3.18f1/Unity.app/Contents/Resources/UnitySubsystems
[Subsystems] Discovering subsystems at path /Users/sissytian/Desktop/UXforXR/Assignment2VRredesign/UXforXR/My project/Assets
GfxDevice: creating device client; threaded=0; jobified=0
 preferred device: Apple M1 Pro (high power)
Metal devices available: 1
0: Apple M1 Pro (high power)
Using device Apple M1 Pro (high power)
Initializing Metal device caps: Apple M1 Pro
Initialize mono
Mono path[0] = '/Applications/Unity/Hub/Editor/2021.3.18f1/Unity.app/Contents/Managed'
Mono path[1] = '/Applications/Unity/Hub/Editor/2021.3.18f1/Unity.app/Contents/MonoBleedingEdge/lib/mono/unityjit-macos'
Mono config path = '/Applications/Unity/Hub/Editor/2021.3.18f1/Unity.app/Contents/MonoBleedingEdge/etc'
Using monoOptions --debugger-agent=transport=dt_socket,embedding=1,server=y,suspend=n,address=127.0.0.1:56452
Begin MonoManager ReloadAssembly
Registering precompiled unity dll's ...
Register platform support module: /Applications/Unity/Hub/Editor/2021.3.18f1/Unity.app/Contents/PlaybackEngines/MacStandaloneSupport/UnityEditor.OSXStandalone.Extensions.dll
Register platform support module: /Applications/Unity/Hub/Editor/2021.3.18f1/PlaybackEngines/AndroidPlayer/UnityEditor.Android.Extensions.dll
Register platform support module: /Applications/Unity/Hub/Editor/2021.3.18f1/PlaybackEngines/iOSSupport/UnityEditor.iOS.Extensions.dll
Registered in 0.002230 seconds.
[usbmuxd] Start listen thread
[usbmuxd] Listen thread started
[usbmuxd] Send listen message
Native extension for iOS target not found
Native extension for Android target not found
Android Extension - Scanning For ADB Devices 126 ms
Native extension for OSXStandalone target not found
Refreshing native plugins compatible for Editor in 74.47 ms, found 2 plugins.
Preloading 0 native plugins for Editor in 0.00 ms.
Mono: successfully reloaded assembly
- Completed reload, in  0.596 seconds
Domain Reload Profiling:
	ReloadAssembly (596ms)
		BeginReloadAssembly (49ms)
			ExecutionOrderSort (0ms)
			DisableScriptedObjects (0ms)
			BackupInstance (0ms)
			ReleaseScriptingObjects (0ms)
			CreateAndSetChildDomain (0ms)
		EndReloadAssembly (472ms)
			LoadAssemblies (50ms)
			RebuildTransferFunctionScriptingTraits (0ms)
			SetupTypeCache (79ms)
			ReleaseScriptCaches (0ms)
			RebuildScriptCaches (20ms)
			SetupLoadedEditorAssemblies (344ms)
				LogAssemblyErrors (0ms)
				InitializePlatformSupportModulesInManaged (192ms)
				SetLoadedEditorAssemblies (0ms)
				RefreshPlugins (75ms)
				BeforeProcessingInitializeOnLoad (1ms)
				ProcessInitializeOnLoadAttributes (50ms)
				ProcessInitializeOnLoadMethodAttributes (26ms)
				AfterProcessingInitializeOnLoad (0ms)
				EditorAssembliesLoaded (0ms)
			ExecutionOrderSort2 (0ms)
			AwakeInstancesAfterBackupRestoration (0ms)
Platform modules already initialized, skipping
Registering precompiled user dll's ...
Registered in 0.005813 seconds.
Begin MonoManager ReloadAssembly
Symbol file LoadedFromMemory doesn't match image /Users/sissytian/Desktop/UXforXR/Assignment2VRredesign/UXforXR/My project/Library/PackageCache/com.unity.visualscripting@1.8.0/Editor/VisualScripting.Core/Dependencies/YamlDotNet/Unity.VisualScripting.YamlDotNet.dll
Symbol file LoadedFromMemory doesn't match image /Users/sissytian/Desktop/UXforXR/Assignment2VRredesign/UXforXR/My project/Library/PackageCache/com.unity.visualscripting@1.8.0/Editor/VisualScripting.Core/Dependencies/DotNetZip/Unity.VisualScripting.IonicZip.dll
Native extension for iOS target not found
Native extension for Android target not found
Native extension for OSXStandalone target not found
Refreshing native plugins compatible for Editor in 0.37 ms, found 2 plugins.
Preloading 0 native plugins for Editor in 0.00 ms.
Mono: successfully reloaded assembly
- Completed reload, in  0.678 seconds
Domain Reload Profiling:
	ReloadAssembly (679ms)
		BeginReloadAssembly (62ms)
			ExecutionOrderSort (0ms)
			DisableScriptedObjects (4ms)
			BackupInstance (0ms)
			ReleaseScriptingObjects (0ms)
			CreateAndSetChildDomain (22ms)
		EndReloadAssembly (538ms)
			LoadAssemblies (47ms)
			RebuildTransferFunctionScriptingTraits (0ms)
			SetupTypeCache (192ms)
			ReleaseScriptCaches (0ms)
			RebuildScriptCaches (37ms)
			SetupLoadedEditorAssemblies (220ms)
				LogAssemblyErrors (0ms)
				InitializePlatformSupportModulesInManaged (19ms)
				SetLoadedEditorAssemblies (0ms)
				RefreshPlugins (0ms)
				BeforeProcessingInitializeOnLoad (57ms)
				ProcessInitializeOnLoadAttributes (132ms)
				ProcessInitializeOnLoadMethodAttributes (12ms)
				AfterProcessingInitializeOnLoad (1ms)
				EditorAssembliesLoaded (0ms)
			ExecutionOrderSort2 (0ms)
			AwakeInstancesAfterBackupRestoration (2ms)
Platform modules already initialized, skipping
========================================================================
Worker process is ready to serve import requests
Launching external process: /Applications/Unity/Hub/Editor/2021.3.18f1/Unity.app/Contents/Tools/UnityShaderCompiler
Launched and connected shader compiler UnityShaderCompiler after 0.05 seconds
Refreshing native plugins compatible for Editor in 0.43 ms, found 2 plugins.
Preloading 0 native plugins for Editor in 0.00 ms.
Unloading 3230 Unused Serialized files (Serialized files now loaded: 0)
Unloading 36 unused Assets / (1.3 MB). Loaded Objects now: 3680.
Memory consumption went from 118.5 MB to 117.2 MB.
Total: 2.721541 ms (FindLiveObjects: 0.092084 ms CreateObjectMapping: 0.037167 ms MarkObjects: 2.340083 ms  DeleteObjects: 0.251458 ms)

AssetImportParameters requested are different than current active one (requested -> active):
  custom:video-decoder-ogg-theora: a1e56fd34408186e4bbccfd4996cb3dc -> 
  custom:container-muxer-webm: aa71ff27fc2769a1b78a27578f13a17b -> 
  custom:container-demuxer-webm: 4f35f7cbe854078d1ac9338744f61a02 -> 
  custom:video-encoder-webm-vp8: eb34c28f22e8b96e1ab97ce403110664 -> 
  custom:framework-osx-AVFoundation: e770b220cccbd017edd2c1fefb359320 -> 
  custom:audio-encoder-webm-vorbis: bf7c407c2cedff20999df2af8eb42d56 -> 
  custom:container-demuxer-ogg: 62fdf1f143b41e24485cea50d1cbac27 -> 
  custom:video-decoder-webm-vp8: 9c59270c3fd7afecdb556c50c9e8de78 -> 
  custom:audio-decoder-ogg-vorbis: bf7c407c2cedff20999df2af8eb42d56 -> 
========================================================================
Received Import Request.
  Time since last request: 295309.407653 seconds.
  path: Assets/SocketsAndSwitches/Prefabs/128x128/White/LightSwitches02.prefab
  artifactKey: Guid(0ae9e234a53b64c5ebf9212437354766) Importer(815301076,1909f56bfc062723c751e8b465ee728b)
Start importing Assets/SocketsAndSwitches/Prefabs/128x128/White/LightSwitches02.prefab using Guid(0ae9e234a53b64c5ebf9212437354766) Importer(815301076,1909f56bfc062723c751e8b465ee728b)  -> (artifact id: '815c64daf54a12dc5bc43af106c9083f') in 0.137995 seconds 
========================================================================
Received Import Request.
  Time since last request: 0.000046 seconds.
  path: Assets/SocketsAndSwitches/Prefabs/128x128/White/SocketLightSwitches.prefab
  artifactKey: Guid(7668e60f30c7543818351a1e939e2481) Importer(815301076,1909f56bfc062723c751e8b465ee728b)
Start importing Assets/SocketsAndSwitches/Prefabs/128x128/White/SocketLightSwitches.prefab using Guid(7668e60f30c7543818351a1e939e2481) Importer(815301076,1909f56bfc062723c751e8b465ee728b)  -> (artifact id: 'ae9f2e7026789ec2dda2c5fe2f9d11cf') in 0.018100 seconds 
========================================================================
Received Import Request.
  Time since last request: 0.000073 seconds.
  path: Assets/SocketsAndSwitches/Prefabs/128x128/White/SocketCase03Rotate.prefab
  artifactKey: Guid(108072730e71241d1b0e56d216e5457a) Importer(815301076,1909f56bfc062723c751e8b465ee728b)
Start importing Assets/SocketsAndSwitches/Prefabs/128x128/White/SocketCase03Rotate.prefab using Guid(108072730e71241d1b0e56d216e5457a) Importer(815301076,1909f56bfc062723c751e8b465ee728b)  -> (artifact id: '10cbcde905acc65361314bc3bc69192b') in 0.015720 seconds 
========================================================================
Received Import Request.
  Time since last request: 455.722897 seconds.
  path: Assets/SocketsAndSwitches/Prefabs/1024x1024/WhiteDirt/LightSwitches02.prefab
  artifactKey: Guid(09de4e3fbf1eb4b0e8b3559fa3c6d840) Importer(815301076,1909f56bfc062723c751e8b465ee728b)
Start importing Assets/SocketsAndSwitches/Prefabs/1024x1024/WhiteDirt/LightSwitches02.prefab using Guid(09de4e3fbf1eb4b0e8b3559fa3c6d840) Importer(815301076,1909f56bfc062723c751e8b465ee728b)  -> (artifact id: 'b0455bddc77289de6dd8d27d5e8fd7b5') in 0.027436 seconds 
========================================================================
Received Import Request.
  Time since last request: 0.000027 seconds.
  path: Assets/SocketsAndSwitches/Prefabs/1024x1024/WhiteDirt/SocketCaseRotate.prefab
  artifactKey: Guid(fafd9d0939c9b482385868f53cfdf897) Importer(815301076,1909f56bfc062723c751e8b465ee728b)
Start importing Assets/SocketsAndSwitches/Prefabs/1024x1024/WhiteDirt/SocketCaseRotate.prefab using Guid(fafd9d0939c9b482385868f53cfdf897) Importer(815301076,1909f56bfc062723c751e8b465ee728b)  -> (artifact id: 'a13ea127e33a7a759801a23f23d3803d') in 0.021666 seconds 
========================================================================
Received Import Request.
  Time since last request: 0.000095 seconds.
  path: Assets/SocketsAndSwitches/Prefabs/1024x1024/WhiteDirt/SocketCase02.prefab
  artifactKey: Guid(55dfe5c0e21ca47909242bfd633df7d5) Importer(815301076,1909f56bfc062723c751e8b465ee728b)
Start importing Assets/SocketsAndSwitches/Prefabs/1024x1024/WhiteDirt/SocketCase02.prefab using Guid(55dfe5c0e21ca47909242bfd633df7d5) Importer(815301076,1909f56bfc062723c751e8b465ee728b)  -> (artifact id: '1de86e72c65ba98f308223c404fd99f1') in 0.017987 seconds 
========================================================================
Received Import Request.
  Time since last request: 0.000048 seconds.
  path: Assets/SocketsAndSwitches/Prefabs/1024x1024/WhiteDirt/Socket02.prefab
  artifactKey: Guid(ae52d00c6ce144e889ce7d5c7bad77af) Importer(815301076,1909f56bfc062723c751e8b465ee728b)
Start importing Assets/SocketsAndSwitches/Prefabs/1024x1024/WhiteDirt/Socket02.prefab using Guid(ae52d00c6ce144e889ce7d5c7bad77af) Importer(815301076,1909f56bfc062723c751e8b465ee728b)  -> (artifact id: '0c03ffbb9498a28b8e780fa040077aca') in 0.011438 seconds 
========================================================================
Received Import Request.
  Time since last request: 0.000039 seconds.
  path: Assets/SocketsAndSwitches/Prefabs/1024x1024/WhiteDirt/SocketCase03Rotate.prefab
  artifactKey: Guid(23a0b2b9a2b1445ae9c12389186140e0) Importer(815301076,1909f56bfc062723c751e8b465ee728b)
Start importing Assets/SocketsAndSwitches/Prefabs/1024x1024/WhiteDirt/SocketCase03Rotate.prefab using Guid(23a0b2b9a2b1445ae9c12389186140e0) Importer(815301076,1909f56bfc062723c751e8b465ee728b)  -> (artifact id: 'a6a81cb1cf457250baab01e2b2619c23') in 0.019433 seconds 
========================================================================
Received Import Request.
  Time since last request: 0.000069 seconds.
  path: Assets/SocketsAndSwitches/Prefabs/1024x1024/WhiteDirt/SocketCase01.prefab
  artifactKey: Guid(e14e47669a58645f9a5c4c3675712145) Importer(815301076,1909f56bfc062723c751e8b465ee728b)
Start importing Assets/SocketsAndSwitches/Prefabs/1024x1024/WhiteDirt/SocketCase01.prefab using Guid(e14e47669a58645f9a5c4c3675712145) Importer(815301076,1909f56bfc062723c751e8b465ee728b)  -> (artifact id: 'c989efe98b7bddb10b605084c33b3c5a') in 0.015911 seconds 
